\BOOKMARK [0][-]{chapter.1}{Segmentation}{}% 1
\BOOKMARK [1][-]{section.1.1}{Histogram-based segmentation methods}{chapter.1}% 2
\BOOKMARK [2][-]{subsection.1.1.1}{Thresholding}{section.1.1}% 3
\BOOKMARK [2][-]{subsection.1.1.2}{Otsu's thresholding method}{section.1.1}% 4
\BOOKMARK [1][-]{section.1.2}{Region based segmentation}{chapter.1}% 5
\BOOKMARK [2][-]{subsection.1.2.1}{Region growing}{section.1.2}% 6
\BOOKMARK [2][-]{subsection.1.2.2}{Region splitting}{section.1.2}% 7
\BOOKMARK [1][-]{section.1.3}{Edge based segmentation}{chapter.1}% 8
\BOOKMARK [2][-]{subsection.1.3.1}{First and second order operators}{section.1.3}% 9
\BOOKMARK [2][-]{subsection.1.3.2}{Canny edge detector}{section.1.3}% 10
\BOOKMARK [0][-]{chapter.2}{Level Set Method}{}% 11
\BOOKMARK [1][-]{section.2.1}{Introduction}{chapter.2}% 12
\BOOKMARK [1][-]{section.2.2}{Signed Distance Transform}{chapter.2}% 13
\BOOKMARK [1][-]{section.2.3}{Sparse Field}{chapter.2}% 14
\BOOKMARK [1][-]{section.2.4}{Discretization by upwinding and difference of normals}{chapter.2}% 15
\BOOKMARK [1][-]{section.2.5}{Parallel implementation in GPU}{chapter.2}% 16
\BOOKMARK [0][-]{chapter.3}{Narrow Band - for lite?}{}% 17
\BOOKMARK [1][-]{section.3.1}{Introduction}{chapter.3}% 18
\BOOKMARK [1][-]{section.3.2}{Overview of the Narrow Band method}{chapter.3}% 19
\BOOKMARK [0][-]{chapter.4}{Sparse Field}{}% 20
\BOOKMARK [1][-]{section.4.1}{Theory}{chapter.4}% 21
\BOOKMARK [1][-]{section.4.2}{Implementation}{chapter.4}% 22
\BOOKMARK [0][-]{chapter.5}{Sparse Field - Implemented code}{}% 23
\BOOKMARK [1][-]{section.5.1}{Introduction}{chapter.5}% 24
\BOOKMARK [1][-]{section.5.2}{TODO}{chapter.5}% 25
\BOOKMARK [2][-]{subsection.5.2.1}{Datastructures and types used - elr noe lignende}{section.5.2}% 26
\BOOKMARK [1][-]{section.5.3}{Forskjeller fra vår kode og pseudokoden til lankton}{chapter.5}% 27
\BOOKMARK [1][-]{section.5.4}{Om koden vår}{chapter.5}% 28
\BOOKMARK [1][-]{section.5.5}{Problems met}{chapter.5}% 29
\BOOKMARK [1][-]{section.5.6}{Performance}{chapter.5}% 30
\BOOKMARK [0][-]{appendix.A}{Sparse Field - Pseudocode}{}% 31
\BOOKMARK [0][-]{appendix.B}{Implemented Sparse field method}{}% 32
